ERROR: Can't create shader cache folder, no shader caching will happen: user://
ERROR: Failed to read the root certificate store.
ERROR: Unable to open file: res://.godot/imported/hexagons_medieval.png-50465b859ece5be77dffbe75292e8be6.s3tc.ctex.
ERROR: Failed loading resource: res://.godot/imported/hexagons_medieval.png-50465b859ece5be77dffbe75292e8be6.s3tc.ctex.
ERROR: Failed loading resource: res://assets/kaykit/medieval-hexagon/addons/kaykit_medieval_hexagon_pack/Assets/gltf/tiles/base/hexagons_medieval.png.
ERROR: Unable to open file: res://.godot/imported/hexagons_medieval.png-50465b859ece5be77dffbe75292e8be6.s3tc.ctex.
ERROR: Failed loading resource: res://.godot/imported/hexagons_medieval.png-50465b859ece5be77dffbe75292e8be6.s3tc.ctex.
ERROR: Failed loading resource: res://assets/kaykit/medieval-hexagon/addons/kaykit_medieval_hexagon_pack/Assets/gltf/tiles/base/hexagons_medieval.png.
ERROR: Unable to open file: res://.godot/imported/hexagons_medieval.png-50465b859ece5be77dffbe75292e8be6.s3tc.ctex.
ERROR: Failed loading resource: res://.godot/imported/hexagons_medieval.png-50465b859ece5be77dffbe75292e8be6.s3tc.ctex.
ERROR: Failed loading resource: res://assets/kaykit/medieval-hexagon/addons/kaykit_medieval_hexagon_pack/Assets/gltf/tiles/base/hexagons_medieval.png.
ERROR: Unable to open file: res://.godot/imported/hexagons_medieval.png-50465b859ece5be77dffbe75292e8be6.s3tc.ctex.
ERROR: Failed loading resource: res://.godot/imported/hexagons_medieval.png-50465b859ece5be77dffbe75292e8be6.s3tc.ctex.
ERROR: Failed loading resource: res://assets/kaykit/medieval-hexagon/addons/kaykit_medieval_hexagon_pack/Assets/gltf/tiles/base/hexagons_medieval.png.
ERROR: Unable to open file: res://.godot/imported/hexagons_medieval.png-50465b859ece5be77dffbe75292e8be6.s3tc.ctex.
ERROR: Failed loading resource: res://.godot/imported/hexagons_medieval.png-50465b859ece5be77dffbe75292e8be6.s3tc.ctex.
ERROR: Failed loading resource: res://assets/kaykit/medieval-hexagon/addons/kaykit_medieval_hexagon_pack/Assets/gltf/tiles/base/hexagons_medieval.png.
ERROR: Unable to open file: res://.godot/imported/hexagons_medieval.png-50465b859ece5be77dffbe75292e8be6.s3tc.ctex.
ERROR: Failed loading resource: res://.godot/imported/hexagons_medieval.png-50465b859ece5be77dffbe75292e8be6.s3tc.ctex.
ERROR: Failed loading resource: res://assets/kaykit/medieval-hexagon/addons/kaykit_medieval_hexagon_pack/Assets/gltf/tiles/base/hexagons_medieval.png.
ERROR: Unable to open file: res://.godot/imported/hexagons_medieval.png-50465b859ece5be77dffbe75292e8be6.s3tc.ctex.
ERROR: Failed loading resource: res://.godot/imported/hexagons_medieval.png-50465b859ece5be77dffbe75292e8be6.s3tc.ctex.
ERROR: Failed loading resource: res://assets/kaykit/medieval-hexagon/addons/kaykit_medieval_hexagon_pack/Assets/gltf/tiles/base/hexagons_medieval.png.
ERROR: Unable to open file: res://.godot/imported/hexagons_medieval.png-50465b859ece5be77dffbe75292e8be6.s3tc.ctex.
ERROR: Failed loading resource: res://.godot/imported/hexagons_medieval.png-50465b859ece5be77dffbe75292e8be6.s3tc.ctex.
ERROR: Failed loading resource: res://assets/kaykit/medieval-hexagon/addons/kaykit_medieval_hexagon_pack/Assets/gltf/tiles/base/hexagons_medieval.png.
ERROR: Unable to open file: res://.godot/imported/hexagons_medieval.png-50465b859ece5be77dffbe75292e8be6.s3tc.ctex.
ERROR: Failed loading resource: res://.godot/imported/hexagons_medieval.png-50465b859ece5be77dffbe75292e8be6.s3tc.ctex.
ERROR: Failed loading resource: res://assets/kaykit/medieval-hexagon/addons/kaykit_medieval_hexagon_pack/Assets/gltf/tiles/base/hexagons_medieval.png.
ERROR: Unable to open file: res://.godot/imported/hexagons_medieval.png-50465b859ece5be77dffbe75292e8be6.s3tc.ctex.
ERROR: Failed loading resource: res://.godot/imported/hexagons_medieval.png-50465b859ece5be77dffbe75292e8be6.s3tc.ctex.
ERROR: Failed loading resource: res://assets/kaykit/medieval-hexagon/addons/kaykit_medieval_hexagon_pack/Assets/gltf/tiles/base/hexagons_medieval.png.
ERROR: Unable to open file: res://.godot/imported/hexagons_medieval.png-50465b859ece5be77dffbe75292e8be6.s3tc.ctex.
ERROR: Failed loading resource: res://.godot/imported/hexagons_medieval.png-50465b859ece5be77dffbe75292e8be6.s3tc.ctex.
ERROR: Failed loading resource: res://assets/kaykit/medieval-hexagon/addons/kaykit_medieval_hexagon_pack/Assets/gltf/tiles/base/hexagons_medieval.png.
ERROR: Unable to open file: res://.godot/imported/hexagons_medieval.png-50465b859ece5be77dffbe75292e8be6.s3tc.ctex.
ERROR: Failed loading resource: res://.godot/imported/hexagons_medieval.png-50465b859ece5be77dffbe75292e8be6.s3tc.ctex.
ERROR: Failed loading resource: res://assets/kaykit/medieval-hexagon/addons/kaykit_medieval_hexagon_pack/Assets/gltf/tiles/base/hexagons_medieval.png.
ERROR: Unable to open file: res://.godot/imported/hexagons_medieval.png-50465b859ece5be77dffbe75292e8be6.s3tc.ctex.
ERROR: Failed loading resource: res://.godot/imported/hexagons_medieval.png-50465b859ece5be77dffbe75292e8be6.s3tc.ctex.
ERROR: Failed loading resource: res://assets/kaykit/medieval-hexagon/addons/kaykit_medieval_hexagon_pack/Assets/gltf/tiles/base/hexagons_medieval.png.
ERROR: Unable to open file: res://.godot/imported/hexagons_medieval.png-50465b859ece5be77dffbe75292e8be6.s3tc.ctex.
ERROR: Failed loading resource: res://.godot/imported/hexagons_medieval.png-50465b859ece5be77dffbe75292e8be6.s3tc.ctex.
ERROR: Failed loading resource: res://assets/kaykit/medieval-hexagon/addons/kaykit_medieval_hexagon_pack/Assets/gltf/tiles/base/hexagons_medieval.png.
ERROR: Unable to open file: res://.godot/imported/hexagons_medieval.png-50465b859ece5be77dffbe75292e8be6.s3tc.ctex.
ERROR: Failed loading resource: res://.godot/imported/hexagons_medieval.png-50465b859ece5be77dffbe75292e8be6.s3tc.ctex.
ERROR: Failed loading resource: res://assets/kaykit/medieval-hexagon/addons/kaykit_medieval_hexagon_pack/Assets/gltf/tiles/base/hexagons_medieval.png.
ERROR: Unable to open file: res://.godot/imported/hexagons_medieval.png-50465b859ece5be77dffbe75292e8be6.s3tc.ctex.
ERROR: Failed loading resource: res://.godot/imported/hexagons_medieval.png-50465b859ece5be77dffbe75292e8be6.s3tc.ctex.
ERROR: Failed loading resource: res://assets/kaykit/medieval-hexagon/addons/kaykit_medieval_hexagon_pack/Assets/gltf/tiles/base/hexagons_medieval.png.
ERROR: Unable to open file: res://.godot/imported/hexagons_medieval.png-50465b859ece5be77dffbe75292e8be6.s3tc.ctex.
ERROR: Failed loading resource: res://.godot/imported/hexagons_medieval.png-50465b859ece5be77dffbe75292e8be6.s3tc.ctex.
ERROR: Failed loading resource: res://assets/kaykit/medieval-hexagon/addons/kaykit_medieval_hexagon_pack/Assets/gltf/tiles/base/hexagons_medieval.png.
ERROR: Unable to open file: res://.godot/imported/hexagons_medieval.png-50465b859ece5be77dffbe75292e8be6.s3tc.ctex.
ERROR: Failed loading resource: res://.godot/imported/hexagons_medieval.png-50465b859ece5be77dffbe75292e8be6.s3tc.ctex.
ERROR: Failed loading resource: res://assets/kaykit/medieval-hexagon/addons/kaykit_medieval_hexagon_pack/Assets/gltf/tiles/base/hexagons_medieval.png.
ERROR: Unable to open file: res://.godot/imported/hexagons_medieval.png-50465b859ece5be77dffbe75292e8be6.s3tc.ctex.
ERROR: Failed loading resource: res://.godot/imported/hexagons_medieval.png-50465b859ece5be77dffbe75292e8be6.s3tc.ctex.
ERROR: Failed loading resource: res://assets/kaykit/medieval-hexagon/addons/kaykit_medieval_hexagon_pack/Assets/gltf/tiles/base/hexagons_medieval.png.
ERROR: Unable to open file: res://.godot/imported/hexagons_medieval.png-50465b859ece5be77dffbe75292e8be6.s3tc.ctex.
ERROR: Failed loading resource: res://.godot/imported/hexagons_medieval.png-50465b859ece5be77dffbe75292e8be6.s3tc.ctex.
ERROR: Failed loading resource: res://assets/kaykit/medieval-hexagon/addons/kaykit_medieval_hexagon_pack/Assets/gltf/tiles/base/hexagons_medieval.png.
ERROR: Unable to open file: res://.godot/imported/hexagons_medieval.png-50465b859ece5be77dffbe75292e8be6.s3tc.ctex.
ERROR: Failed loading resource: res://.godot/imported/hexagons_medieval.png-50465b859ece5be77dffbe75292e8be6.s3tc.ctex.
ERROR: Failed loading resource: res://assets/kaykit/medieval-hexagon/addons/kaykit_medieval_hexagon_pack/Assets/gltf/tiles/base/hexagons_medieval.png.
ERROR: Unable to open file: res://.godot/imported/hexagons_medieval.png-50465b859ece5be77dffbe75292e8be6.s3tc.ctex.
ERROR: Failed loading resource: res://.godot/imported/hexagons_medieval.png-50465b859ece5be77dffbe75292e8be6.s3tc.ctex.
ERROR: Failed loading resource: res://assets/kaykit/medieval-hexagon/addons/kaykit_medieval_hexagon_pack/Assets/gltf/tiles/base/hexagons_medieval.png.
ERROR: Unable to open file: res://.godot/imported/hexagons_medieval.png-50465b859ece5be77dffbe75292e8be6.s3tc.ctex.
ERROR: Failed loading resource: res://.godot/imported/hexagons_medieval.png-50465b859ece5be77dffbe75292e8be6.s3tc.ctex.
ERROR: Failed loading resource: res://assets/kaykit/medieval-hexagon/addons/kaykit_medieval_hexagon_pack/Assets/gltf/tiles/base/hexagons_medieval.png.
ERROR: Unable to open file: res://.godot/imported/hexagons_medieval.png-50465b859ece5be77dffbe75292e8be6.s3tc.ctex.
ERROR: Failed loading resource: res://.godot/imported/hexagons_medieval.png-50465b859ece5be77dffbe75292e8be6.s3tc.ctex.
ERROR: Failed loading resource: res://assets/kaykit/medieval-hexagon/addons/kaykit_medieval_hexagon_pack/Assets/gltf/tiles/base/hexagons_medieval.png.
ERROR: Unable to open file: res://.godot/imported/hexagons_medieval.png-50465b859ece5be77dffbe75292e8be6.s3tc.ctex.
ERROR: Failed loading resource: res://.godot/imported/hexagons_medieval.png-50465b859ece5be77dffbe75292e8be6.s3tc.ctex.
ERROR: Failed loading resource: res://assets/kaykit/medieval-hexagon/addons/kaykit_medieval_hexagon_pack/Assets/gltf/tiles/base/hexagons_medieval.png.
ERROR: Unable to open file: res://.godot/imported/hexagons_medieval.png-50465b859ece5be77dffbe75292e8be6.s3tc.ctex.
ERROR: Failed loading resource: res://.godot/imported/hexagons_medieval.png-50465b859ece5be77dffbe75292e8be6.s3tc.ctex.
ERROR: Failed loading resource: res://assets/kaykit/medieval-hexagon/addons/kaykit_medieval_hexagon_pack/Assets/gltf/tiles/base/hexagons_medieval.png.
ERROR: Unable to open file: res://.godot/imported/hexagons_medieval.png-50465b859ece5be77dffbe75292e8be6.s3tc.ctex.
ERROR: Failed loading resource: res://.godot/imported/hexagons_medieval.png-50465b859ece5be77dffbe75292e8be6.s3tc.ctex.
ERROR: Failed loading resource: res://assets/kaykit/medieval-hexagon/addons/kaykit_medieval_hexagon_pack/Assets/gltf/tiles/base/hexagons_medieval.png.
ERROR: Unable to open file: res://.godot/imported/hexagons_medieval.png-50465b859ece5be77dffbe75292e8be6.s3tc.ctex.
ERROR: Failed loading resource: res://.godot/imported/hexagons_medieval.png-50465b859ece5be77dffbe75292e8be6.s3tc.ctex.
ERROR: Failed loading resource: res://assets/kaykit/medieval-hexagon/addons/kaykit_medieval_hexagon_pack/Assets/gltf/tiles/base/hexagons_medieval.png.
ERROR: Unable to open file: res://.godot/imported/hexagons_medieval.png-50465b859ece5be77dffbe75292e8be6.s3tc.ctex.
ERROR: Failed loading resource: res://.godot/imported/hexagons_medieval.png-50465b859ece5be77dffbe75292e8be6.s3tc.ctex.
ERROR: Failed loading resource: res://assets/kaykit/medieval-hexagon/addons/kaykit_medieval_hexagon_pack/Assets/gltf/tiles/base/hexagons_medieval.png.
ERROR: Unable to open file: res://.godot/imported/hexagons_medieval.png-50465b859ece5be77dffbe75292e8be6.s3tc.ctex.
ERROR: Failed loading resource: res://.godot/imported/hexagons_medieval.png-50465b859ece5be77dffbe75292e8be6.s3tc.ctex.
ERROR: Failed loading resource: res://assets/kaykit/medieval-hexagon/addons/kaykit_medieval_hexagon_pack/Assets/gltf/tiles/base/hexagons_medieval.png.
ERROR: Unable to open file: res://.godot/imported/hexagons_medieval.png-50465b859ece5be77dffbe75292e8be6.s3tc.ctex.
ERROR: Failed loading resource: res://.godot/imported/hexagons_medieval.png-50465b859ece5be77dffbe75292e8be6.s3tc.ctex.
ERROR: Failed loading resource: res://assets/kaykit/medieval-hexagon/addons/kaykit_medieval_hexagon_pack/Assets/gltf/tiles/base/hexagons_medieval.png.
ERROR: Unable to open file: res://.godot/imported/hexagons_medieval.png-50465b859ece5be77dffbe75292e8be6.s3tc.ctex.
ERROR: Failed loading resource: res://.godot/imported/hexagons_medieval.png-50465b859ece5be77dffbe75292e8be6.s3tc.ctex.
ERROR: Failed loading resource: res://assets/kaykit/medieval-hexagon/addons/kaykit_medieval_hexagon_pack/Assets/gltf/tiles/base/hexagons_medieval.png.
ERROR: Unable to open file: res://.godot/imported/hexagons_medieval.png-50465b859ece5be77dffbe75292e8be6.s3tc.ctex.
ERROR: Failed loading resource: res://.godot/imported/hexagons_medieval.png-50465b859ece5be77dffbe75292e8be6.s3tc.ctex.
ERROR: Failed loading resource: res://assets/kaykit/medieval-hexagon/addons/kaykit_medieval_hexagon_pack/Assets/gltf/tiles/base/hexagons_medieval.png.
ERROR: Unable to open file: res://.godot/imported/hexagons_medieval.png-50465b859ece5be77dffbe75292e8be6.s3tc.ctex.
ERROR: Failed loading resource: res://.godot/imported/hexagons_medieval.png-50465b859ece5be77dffbe75292e8be6.s3tc.ctex.
ERROR: Failed loading resource: res://assets/kaykit/medieval-hexagon/addons/kaykit_medieval_hexagon_pack/Assets/gltf/tiles/base/hexagons_medieval.png.
ERROR: Unable to open file: res://.godot/imported/hexagons_medieval.png-50465b859ece5be77dffbe75292e8be6.s3tc.ctex.
ERROR: Failed loading resource: res://.godot/imported/hexagons_medieval.png-50465b859ece5be77dffbe75292e8be6.s3tc.ctex.
ERROR: Failed loading resource: res://assets/kaykit/medieval-hexagon/addons/kaykit_medieval_hexagon_pack/Assets/gltf/tiles/base/hexagons_medieval.png.
ERROR: Unable to open file: res://.godot/imported/hexagons_medieval.png-50465b859ece5be77dffbe75292e8be6.s3tc.ctex.
ERROR: Failed loading resource: res://.godot/imported/hexagons_medieval.png-50465b859ece5be77dffbe75292e8be6.s3tc.ctex.
ERROR: Failed loading resource: res://assets/kaykit/medieval-hexagon/addons/kaykit_medieval_hexagon_pack/Assets/gltf/tiles/base/hexagons_medieval.png.
ERROR: Unable to open file: res://.godot/imported/hexagons_medieval.png-50465b859ece5be77dffbe75292e8be6.s3tc.ctex.
ERROR: Failed loading resource: res://.godot/imported/hexagons_medieval.png-50465b859ece5be77dffbe75292e8be6.s3tc.ctex.
ERROR: Failed loading resource: res://assets/kaykit/medieval-hexagon/addons/kaykit_medieval_hexagon_pack/Assets/gltf/tiles/base/hexagons_medieval.png.
ERROR: Unable to open file: res://.godot/imported/hexagons_medieval.png-50465b859ece5be77dffbe75292e8be6.s3tc.ctex.
ERROR: Failed loading resource: res://.godot/imported/hexagons_medieval.png-50465b859ece5be77dffbe75292e8be6.s3tc.ctex.
ERROR: Failed loading resource: res://assets/kaykit/medieval-hexagon/addons/kaykit_medieval_hexagon_pack/Assets/gltf/tiles/base/hexagons_medieval.png.
ERROR: Unable to open file: res://.godot/imported/hexagons_medieval.png-50465b859ece5be77dffbe75292e8be6.s3tc.ctex.
ERROR: Failed loading resource: res://.godot/imported/hexagons_medieval.png-50465b859ece5be77dffbe75292e8be6.s3tc.ctex.
ERROR: Failed loading resource: res://assets/kaykit/medieval-hexagon/addons/kaykit_medieval_hexagon_pack/Assets/gltf/tiles/base/hexagons_medieval.png.
ERROR: Unable to open file: res://.godot/imported/hexagons_medieval.png-50465b859ece5be77dffbe75292e8be6.s3tc.ctex.
ERROR: Failed loading resource: res://.godot/imported/hexagons_medieval.png-50465b859ece5be77dffbe75292e8be6.s3tc.ctex.
ERROR: Failed loading resource: res://assets/kaykit/medieval-hexagon/addons/kaykit_medieval_hexagon_pack/Assets/gltf/tiles/base/hexagons_medieval.png.
ERROR: Unable to open file: res://.godot/imported/hexagons_medieval.png-50465b859ece5be77dffbe75292e8be6.s3tc.ctex.
ERROR: Failed loading resource: res://.godot/imported/hexagons_medieval.png-50465b859ece5be77dffbe75292e8be6.s3tc.ctex.
ERROR: Failed loading resource: res://assets/kaykit/medieval-hexagon/addons/kaykit_medieval_hexagon_pack/Assets/gltf/tiles/base/hexagons_medieval.png.
ERROR: Unable to open file: res://.godot/imported/hexagons_medieval.png-50465b859ece5be77dffbe75292e8be6.s3tc.ctex.
ERROR: Failed loading resource: res://.godot/imported/hexagons_medieval.png-50465b859ece5be77dffbe75292e8be6.s3tc.ctex.
ERROR: Failed loading resource: res://assets/kaykit/medieval-hexagon/addons/kaykit_medieval_hexagon_pack/Assets/gltf/tiles/base/hexagons_medieval.png.
ERROR: Unable to open file: res://.godot/imported/hexagons_medieval.png-50465b859ece5be77dffbe75292e8be6.s3tc.ctex.
ERROR: Failed loading resource: res://.godot/imported/hexagons_medieval.png-50465b859ece5be77dffbe75292e8be6.s3tc.ctex.
ERROR: Failed loading resource: res://assets/kaykit/medieval-hexagon/addons/kaykit_medieval_hexagon_pack/Assets/gltf/tiles/base/hexagons_medieval.png.
ERROR: Unable to open file: res://.godot/imported/hexagons_medieval.png-50465b859ece5be77dffbe75292e8be6.s3tc.ctex.
ERROR: Failed loading resource: res://.godot/imported/hexagons_medieval.png-50465b859ece5be77dffbe75292e8be6.s3tc.ctex.
ERROR: Failed loading resource: res://assets/kaykit/medieval-hexagon/addons/kaykit_medieval_hexagon_pack/Assets/gltf/tiles/base/hexagons_medieval.png.
ERROR: Unable to open file: res://.godot/imported/hexagons_medieval.png-50465b859ece5be77dffbe75292e8be6.s3tc.ctex.
ERROR: Failed loading resource: res://.godot/imported/hexagons_medieval.png-50465b859ece5be77dffbe75292e8be6.s3tc.ctex.
ERROR: Failed loading resource: res://assets/kaykit/medieval-hexagon/addons/kaykit_medieval_hexagon_pack/Assets/gltf/tiles/base/hexagons_medieval.png.
ERROR: Unable to open file: res://.godot/imported/hexagons_medieval.png-50465b859ece5be77dffbe75292e8be6.s3tc.ctex.
ERROR: Failed loading resource: res://.godot/imported/hexagons_medieval.png-50465b859ece5be77dffbe75292e8be6.s3tc.ctex.
ERROR: Failed loading resource: res://assets/kaykit/medieval-hexagon/addons/kaykit_medieval_hexagon_pack/Assets/gltf/tiles/base/hexagons_medieval.png.
ERROR: Unable to open file: res://.godot/imported/hexagons_medieval.png-50465b859ece5be77dffbe75292e8be6.s3tc.ctex.
ERROR: Failed loading resource: res://.godot/imported/hexagons_medieval.png-50465b859ece5be77dffbe75292e8be6.s3tc.ctex.
ERROR: Failed loading resource: res://assets/kaykit/medieval-hexagon/addons/kaykit_medieval_hexagon_pack/Assets/gltf/tiles/base/hexagons_medieval.png.
ERROR: Unable to open file: res://.godot/imported/hexagons_medieval.png-50465b859ece5be77dffbe75292e8be6.s3tc.ctex.
ERROR: Failed loading resource: res://.godot/imported/hexagons_medieval.png-50465b859ece5be77dffbe75292e8be6.s3tc.ctex.
ERROR: Failed loading resource: res://assets/kaykit/medieval-hexagon/addons/kaykit_medieval_hexagon_pack/Assets/gltf/tiles/base/hexagons_medieval.png.
ERROR: Unable to open file: res://.godot/imported/hexagons_medieval.png-50465b859ece5be77dffbe75292e8be6.s3tc.ctex.
ERROR: Failed loading resource: res://.godot/imported/hexagons_medieval.png-50465b859ece5be77dffbe75292e8be6.s3tc.ctex.
ERROR: Failed loading resource: res://assets/kaykit/medieval-hexagon/addons/kaykit_medieval_hexagon_pack/Assets/gltf/tiles/base/hexagons_medieval.png.
ERROR: Unable to open file: res://.godot/imported/hexagons_medieval.png-50465b859ece5be77dffbe75292e8be6.s3tc.ctex.
ERROR: Failed loading resource: res://.godot/imported/hexagons_medieval.png-50465b859ece5be77dffbe75292e8be6.s3tc.ctex.
ERROR: Failed loading resource: res://assets/kaykit/medieval-hexagon/addons/kaykit_medieval_hexagon_pack/Assets/gltf/tiles/base/hexagons_medieval.png.
ERROR: Unable to open file: res://.godot/imported/hexagons_medieval.png-50465b859ece5be77dffbe75292e8be6.s3tc.ctex.
ERROR: Failed loading resource: res://.godot/imported/hexagons_medieval.png-50465b859ece5be77dffbe75292e8be6.s3tc.ctex.
ERROR: Failed loading resource: res://assets/kaykit/medieval-hexagon/addons/kaykit_medieval_hexagon_pack/Assets/gltf/tiles/base/hexagons_medieval.png.
ERROR: Unable to open file: res://.godot/imported/hexagons_medieval.png-50465b859ece5be77dffbe75292e8be6.s3tc.ctex.
ERROR: Failed loading resource: res://.godot/imported/hexagons_medieval.png-50465b859ece5be77dffbe75292e8be6.s3tc.ctex.
ERROR: Failed loading resource: res://assets/kaykit/medieval-hexagon/addons/kaykit_medieval_hexagon_pack/Assets/gltf/tiles/base/hexagons_medieval.png.
ERROR: Unable to open file: res://.godot/imported/hexagons_medieval.png-50465b859ece5be77dffbe75292e8be6.s3tc.ctex.
ERROR: Failed loading resource: res://.godot/imported/hexagons_medieval.png-50465b859ece5be77dffbe75292e8be6.s3tc.ctex.
ERROR: Failed loading resource: res://assets/kaykit/medieval-hexagon/addons/kaykit_medieval_hexagon_pack/Assets/gltf/tiles/base/hexagons_medieval.png.
ERROR: Unable to open file: res://.godot/imported/hexagons_medieval.png-50465b859ece5be77dffbe75292e8be6.s3tc.ctex.
ERROR: Failed loading resource: res://.godot/imported/hexagons_medieval.png-50465b859ece5be77dffbe75292e8be6.s3tc.ctex.
ERROR: Failed loading resource: res://assets/kaykit/medieval-hexagon/addons/kaykit_medieval_hexagon_pack/Assets/gltf/tiles/base/hexagons_medieval.png.
ERROR: Unable to open file: res://.godot/imported/hexagons_medieval.png-50465b859ece5be77dffbe75292e8be6.s3tc.ctex.
ERROR: Failed loading resource: res://.godot/imported/hexagons_medieval.png-50465b859ece5be77dffbe75292e8be6.s3tc.ctex.
ERROR: Failed loading resource: res://assets/kaykit/medieval-hexagon/addons/kaykit_medieval_hexagon_pack/Assets/gltf/tiles/base/hexagons_medieval.png.
ERROR: Unable to open file: res://.godot/imported/hexagons_medieval.png-50465b859ece5be77dffbe75292e8be6.s3tc.ctex.
ERROR: Failed loading resource: res://.godot/imported/hexagons_medieval.png-50465b859ece5be77dffbe75292e8be6.s3tc.ctex.
ERROR: Failed loading resource: res://assets/kaykit/medieval-hexagon/addons/kaykit_medieval_hexagon_pack/Assets/gltf/tiles/base/hexagons_medieval.png.
ERROR: Unable to open file: res://.godot/imported/hexagons_medieval.png-50465b859ece5be77dffbe75292e8be6.s3tc.ctex.
ERROR: Failed loading resource: res://.godot/imported/hexagons_medieval.png-50465b859ece5be77dffbe75292e8be6.s3tc.ctex.
ERROR: Failed loading resource: res://assets/kaykit/medieval-hexagon/addons/kaykit_medieval_hexagon_pack/Assets/gltf/tiles/base/hexagons_medieval.png.
ERROR: Unable to open file: res://.godot/imported/hexagons_medieval.png-50465b859ece5be77dffbe75292e8be6.s3tc.ctex.
ERROR: Failed loading resource: res://.godot/imported/hexagons_medieval.png-50465b859ece5be77dffbe75292e8be6.s3tc.ctex.
ERROR: Failed loading resource: res://assets/kaykit/medieval-hexagon/addons/kaykit_medieval_hexagon_pack/Assets/gltf/tiles/base/hexagons_medieval.png.
ERROR: Unable to open file: res://.godot/imported/hexagons_medieval.png-50465b859ece5be77dffbe75292e8be6.s3tc.ctex.
ERROR: Failed loading resource: res://.godot/imported/hexagons_medieval.png-50465b859ece5be77dffbe75292e8be6.s3tc.ctex.
ERROR: Failed loading resource: res://assets/kaykit/medieval-hexagon/addons/kaykit_medieval_hexagon_pack/Assets/gltf/tiles/base/hexagons_medieval.png.
ERROR: Unable to open file: res://.godot/imported/hexagons_medieval.png-50465b859ece5be77dffbe75292e8be6.s3tc.ctex.
ERROR: Failed loading resource: res://.godot/imported/hexagons_medieval.png-50465b859ece5be77dffbe75292e8be6.s3tc.ctex.
ERROR: Failed loading resource: res://assets/kaykit/medieval-hexagon/addons/kaykit_medieval_hexagon_pack/Assets/gltf/tiles/base/hexagons_medieval.png.
ERROR: Unable to open file: res://.godot/imported/hexagons_medieval.png-50465b859ece5be77dffbe75292e8be6.s3tc.ctex.
ERROR: Failed loading resource: res://.godot/imported/hexagons_medieval.png-50465b859ece5be77dffbe75292e8be6.s3tc.ctex.
ERROR: Failed loading resource: res://assets/kaykit/medieval-hexagon/addons/kaykit_medieval_hexagon_pack/Assets/gltf/tiles/base/hexagons_medieval.png.
ERROR: Unable to open file: res://.godot/imported/hexagons_medieval.png-50465b859ece5be77dffbe75292e8be6.s3tc.ctex.
ERROR: Failed loading resource: res://.godot/imported/hexagons_medieval.png-50465b859ece5be77dffbe75292e8be6.s3tc.ctex.
ERROR: Failed loading resource: res://assets/kaykit/medieval-hexagon/addons/kaykit_medieval_hexagon_pack/Assets/gltf/tiles/base/hexagons_medieval.png.
ERROR: Unable to open file: res://.godot/imported/hexagons_medieval.png-50465b859ece5be77dffbe75292e8be6.s3tc.ctex.
ERROR: Failed loading resource: res://.godot/imported/hexagons_medieval.png-50465b859ece5be77dffbe75292e8be6.s3tc.ctex.
ERROR: Failed loading resource: res://assets/kaykit/medieval-hexagon/addons/kaykit_medieval_hexagon_pack/Assets/gltf/tiles/base/hexagons_medieval.png.
ERROR: Unable to open file: res://.godot/imported/hexagons_medieval.png-fa0642d032e41950b56d50de1b9594b6.s3tc.ctex.
ERROR: Failed loading resource: res://.godot/imported/hexagons_medieval.png-fa0642d032e41950b56d50de1b9594b6.s3tc.ctex.
ERROR: Failed loading resource: res://assets/kaykit/medieval-hexagon/addons/kaykit_medieval_hexagon_pack/Assets/gltf/tiles/rivers/hexagons_medieval.png.
ERROR: Unable to open file: res://.godot/imported/hexagons_medieval.png-fa0642d032e41950b56d50de1b9594b6.s3tc.ctex.
ERROR: Failed loading resource: res://.godot/imported/hexagons_medieval.png-fa0642d032e41950b56d50de1b9594b6.s3tc.ctex.
ERROR: Failed loading resource: res://assets/kaykit/medieval-hexagon/addons/kaykit_medieval_hexagon_pack/Assets/gltf/tiles/rivers/hexagons_medieval.png.
ERROR: Unable to open file: res://.godot/imported/hexagons_medieval.png-fa0642d032e41950b56d50de1b9594b6.s3tc.ctex.
ERROR: Failed loading resource: res://.godot/imported/hexagons_medieval.png-fa0642d032e41950b56d50de1b9594b6.s3tc.ctex.
ERROR: Failed loading resource: res://assets/kaykit/medieval-hexagon/addons/kaykit_medieval_hexagon_pack/Assets/gltf/tiles/rivers/hexagons_medieval.png.
ERROR: Unable to open file: res://.godot/imported/hexagons_medieval.png-fa0642d032e41950b56d50de1b9594b6.s3tc.ctex.
ERROR: Failed loading resource: res://.godot/imported/hexagons_medieval.png-fa0642d032e41950b56d50de1b9594b6.s3tc.ctex.
ERROR: Failed loading resource: res://assets/kaykit/medieval-hexagon/addons/kaykit_medieval_hexagon_pack/Assets/gltf/tiles/rivers/hexagons_medieval.png.
ERROR: Unable to open file: res://.godot/imported/hexagons_medieval.png-fa0642d032e41950b56d50de1b9594b6.s3tc.ctex.
ERROR: Failed loading resource: res://.godot/imported/hexagons_medieval.png-fa0642d032e41950b56d50de1b9594b6.s3tc.ctex.
ERROR: Failed loading resource: res://assets/kaykit/medieval-hexagon/addons/kaykit_medieval_hexagon_pack/Assets/gltf/tiles/rivers/hexagons_medieval.png.
ERROR: Unable to open file: res://.godot/imported/hexagons_medieval.png-fa0642d032e41950b56d50de1b9594b6.s3tc.ctex.
ERROR: Failed loading resource: res://.godot/imported/hexagons_medieval.png-fa0642d032e41950b56d50de1b9594b6.s3tc.ctex.
ERROR: Failed loading resource: res://assets/kaykit/medieval-hexagon/addons/kaykit_medieval_hexagon_pack/Assets/gltf/tiles/rivers/hexagons_medieval.png.
ERROR: Unable to open file: res://.godot/imported/hexagons_medieval.png-fa0642d032e41950b56d50de1b9594b6.s3tc.ctex.
ERROR: Failed loading resource: res://.godot/imported/hexagons_medieval.png-fa0642d032e41950b56d50de1b9594b6.s3tc.ctex.
ERROR: Failed loading resource: res://assets/kaykit/medieval-hexagon/addons/kaykit_medieval_hexagon_pack/Assets/gltf/tiles/rivers/hexagons_medieval.png.
ERROR: Unable to open file: res://.godot/imported/hexagons_medieval.png-492f70beeb154a59514a6ffe11803bfc.s3tc.ctex.
ERROR: Failed loading resource: res://.godot/imported/hexagons_medieval.png-492f70beeb154a59514a6ffe11803bfc.s3tc.ctex.
ERROR: Failed loading resource: res://assets/kaykit/medieval-hexagon/addons/kaykit_medieval_hexagon_pack/Assets/gltf/tiles/roads/hexagons_medieval.png.
ERROR: Unable to open file: res://.godot/imported/hexagons_medieval.png-492f70beeb154a59514a6ffe11803bfc.s3tc.ctex.
ERROR: Failed loading resource: res://.godot/imported/hexagons_medieval.png-492f70beeb154a59514a6ffe11803bfc.s3tc.ctex.
ERROR: Failed loading resource: res://assets/kaykit/medieval-hexagon/addons/kaykit_medieval_hexagon_pack/Assets/gltf/tiles/roads/hexagons_medieval.png.
ERROR: Unable to open file: res://.godot/imported/hexagons_medieval.png-492f70beeb154a59514a6ffe11803bfc.s3tc.ctex.
ERROR: Failed loading resource: res://.godot/imported/hexagons_medieval.png-492f70beeb154a59514a6ffe11803bfc.s3tc.ctex.
ERROR: Failed loading resource: res://assets/kaykit/medieval-hexagon/addons/kaykit_medieval_hexagon_pack/Assets/gltf/tiles/roads/hexagons_medieval.png.
ERROR: Unable to open file: res://.godot/imported/hexagons_medieval.png-492f70beeb154a59514a6ffe11803bfc.s3tc.ctex.
ERROR: Failed loading resource: res://.godot/imported/hexagons_medieval.png-492f70beeb154a59514a6ffe11803bfc.s3tc.ctex.
ERROR: Failed loading resource: res://assets/kaykit/medieval-hexagon/addons/kaykit_medieval_hexagon_pack/Assets/gltf/tiles/roads/hexagons_medieval.png.
ERROR: Unable to open file: res://.godot/imported/hexagons_medieval.png-492f70beeb154a59514a6ffe11803bfc.s3tc.ctex.
ERROR: Failed loading resource: res://.godot/imported/hexagons_medieval.png-492f70beeb154a59514a6ffe11803bfc.s3tc.ctex.
ERROR: Failed loading resource: res://assets/kaykit/medieval-hexagon/addons/kaykit_medieval_hexagon_pack/Assets/gltf/tiles/roads/hexagons_medieval.png.
ERROR: Unable to open file: res://.godot/imported/hexagons_medieval.png-492f70beeb154a59514a6ffe11803bfc.s3tc.ctex.
ERROR: Failed loading resource: res://.godot/imported/hexagons_medieval.png-492f70beeb154a59514a6ffe11803bfc.s3tc.ctex.
ERROR: Failed loading resource: res://assets/kaykit/medieval-hexagon/addons/kaykit_medieval_hexagon_pack/Assets/gltf/tiles/roads/hexagons_medieval.png.
ERROR: Unable to open file: res://.godot/imported/hexagons_medieval.png-492f70beeb154a59514a6ffe11803bfc.s3tc.ctex.
ERROR: Failed loading resource: res://.godot/imported/hexagons_medieval.png-492f70beeb154a59514a6ffe11803bfc.s3tc.ctex.
ERROR: Failed loading resource: res://assets/kaykit/medieval-hexagon/addons/kaykit_medieval_hexagon_pack/Assets/gltf/tiles/roads/hexagons_medieval.png.
ERROR: Unable to open file: res://.godot/imported/hexagons_medieval.png-492f70beeb154a59514a6ffe11803bfc.s3tc.ctex.
ERROR: Failed loading resource: res://.godot/imported/hexagons_medieval.png-492f70beeb154a59514a6ffe11803bfc.s3tc.ctex.
ERROR: Failed loading resource: res://assets/kaykit/medieval-hexagon/addons/kaykit_medieval_hexagon_pack/Assets/gltf/tiles/roads/hexagons_medieval.png.
ERROR: Unable to open file: res://.godot/imported/hexagons_medieval.png-492f70beeb154a59514a6ffe11803bfc.s3tc.ctex.
ERROR: Failed loading resource: res://.godot/imported/hexagons_medieval.png-492f70beeb154a59514a6ffe11803bfc.s3tc.ctex.
ERROR: Failed loading resource: res://assets/kaykit/medieval-hexagon/addons/kaykit_medieval_hexagon_pack/Assets/gltf/tiles/roads/hexagons_medieval.png.
ERROR: Unable to open file: res://.godot/imported/hexagons_medieval.png-492f70beeb154a59514a6ffe11803bfc.s3tc.ctex.
ERROR: Failed loading resource: res://.godot/imported/hexagons_medieval.png-492f70beeb154a59514a6ffe11803bfc.s3tc.ctex.
ERROR: Failed loading resource: res://assets/kaykit/medieval-hexagon/addons/kaykit_medieval_hexagon_pack/Assets/gltf/tiles/roads/hexagons_medieval.png.
ERROR: Unable to open file: res://.godot/imported/hexagons_medieval.png-492f70beeb154a59514a6ffe11803bfc.s3tc.ctex.
ERROR: Failed loading resource: res://.godot/imported/hexagons_medieval.png-492f70beeb154a59514a6ffe11803bfc.s3tc.ctex.
ERROR: Failed loading resource: res://assets/kaykit/medieval-hexagon/addons/kaykit_medieval_hexagon_pack/Assets/gltf/tiles/roads/hexagons_medieval.png.
ERROR: Unable to open file: res://.godot/imported/hexagons_medieval.png-492f70beeb154a59514a6ffe11803bfc.s3tc.ctex.
ERROR: Failed loading resource: res://.godot/imported/hexagons_medieval.png-492f70beeb154a59514a6ffe11803bfc.s3tc.ctex.
ERROR: Failed loading resource: res://assets/kaykit/medieval-hexagon/addons/kaykit_medieval_hexagon_pack/Assets/gltf/tiles/roads/hexagons_medieval.png.
ERROR: Unable to open file: res://.godot/imported/hexagons_medieval.png-492f70beeb154a59514a6ffe11803bfc.s3tc.ctex.
ERROR: Failed loading resource: res://.godot/imported/hexagons_medieval.png-492f70beeb154a59514a6ffe11803bfc.s3tc.ctex.
ERROR: Failed loading resource: res://assets/kaykit/medieval-hexagon/addons/kaykit_medieval_hexagon_pack/Assets/gltf/tiles/roads/hexagons_medieval.png.
ERROR: Unable to open file: res://.godot/imported/hexagons_medieval.png-492f70beeb154a59514a6ffe11803bfc.s3tc.ctex.
ERROR: Failed loading resource: res://.godot/imported/hexagons_medieval.png-492f70beeb154a59514a6ffe11803bfc.s3tc.ctex.
ERROR: Failed loading resource: res://assets/kaykit/medieval-hexagon/addons/kaykit_medieval_hexagon_pack/Assets/gltf/tiles/roads/hexagons_medieval.png.
ERROR: Unable to open file: res://.godot/imported/hexagons_medieval.png-492f70beeb154a59514a6ffe11803bfc.s3tc.ctex.
ERROR: Failed loading resource: res://.godot/imported/hexagons_medieval.png-492f70beeb154a59514a6ffe11803bfc.s3tc.ctex.
ERROR: Failed loading resource: res://assets/kaykit/medieval-hexagon/addons/kaykit_medieval_hexagon_pack/Assets/gltf/tiles/roads/hexagons_medieval.png.
ERROR: Unable to open file: res://.godot/imported/hexagons_medieval.png-492f70beeb154a59514a6ffe11803bfc.s3tc.ctex.
ERROR: Failed loading resource: res://.godot/imported/hexagons_medieval.png-492f70beeb154a59514a6ffe11803bfc.s3tc.ctex.
ERROR: Failed loading resource: res://assets/kaykit/medieval-hexagon/addons/kaykit_medieval_hexagon_pack/Assets/gltf/tiles/roads/hexagons_medieval.png.
ERROR: Unable to open file: res://.godot/imported/hexagons_medieval.png-492f70beeb154a59514a6ffe11803bfc.s3tc.ctex.
ERROR: Failed loading resource: res://.godot/imported/hexagons_medieval.png-492f70beeb154a59514a6ffe11803bfc.s3tc.ctex.
ERROR: Failed loading resource: res://assets/kaykit/medieval-hexagon/addons/kaykit_medieval_hexagon_pack/Assets/gltf/tiles/roads/hexagons_medieval.png.
ERROR: Unable to open file: res://.godot/imported/hexagons_medieval.png-492f70beeb154a59514a6ffe11803bfc.s3tc.ctex.
ERROR: Failed loading resource: res://.godot/imported/hexagons_medieval.png-492f70beeb154a59514a6ffe11803bfc.s3tc.ctex.
ERROR: Failed loading resource: res://assets/kaykit/medieval-hexagon/addons/kaykit_medieval_hexagon_pack/Assets/gltf/tiles/roads/hexagons_medieval.png.
ERROR: Unable to open file: res://.godot/imported/hexagons_medieval.png-1c149849568d0473a2a3470d5323cc26.s3tc.ctex.
ERROR: Failed loading resource: res://.godot/imported/hexagons_medieval.png-1c149849568d0473a2a3470d5323cc26.s3tc.ctex.
ERROR: Failed loading resource: res://assets/kaykit/medieval-hexagon/addons/kaykit_medieval_hexagon_pack/Assets/gltf/buildings/neutral/hexagons_medieval.png.
ERROR: Unable to open file: res://.godot/imported/hexagons_medieval.png-1c149849568d0473a2a3470d5323cc26.s3tc.ctex.
ERROR: Failed loading resource: res://.godot/imported/hexagons_medieval.png-1c149849568d0473a2a3470d5323cc26.s3tc.ctex.
ERROR: Failed loading resource: res://assets/kaykit/medieval-hexagon/addons/kaykit_medieval_hexagon_pack/Assets/gltf/buildings/neutral/hexagons_medieval.png.
ERROR: Unable to open file: res://.godot/imported/hexagons_medieval.png-67e83c11c7e9246d134e1f7625349973.s3tc.ctex.
ERROR: Failed loading resource: res://.godot/imported/hexagons_medieval.png-67e83c11c7e9246d134e1f7625349973.s3tc.ctex.
ERROR: Failed loading resource: res://assets/kaykit/medieval-hexagon/addons/kaykit_medieval_hexagon_pack/Assets/gltf/decoration/nature/hexagons_medieval.png.
ERROR: Unable to open file: res://.godot/imported/hexagons_medieval.png-67e83c11c7e9246d134e1f7625349973.s3tc.ctex.
ERROR: Failed loading resource: res://.godot/imported/hexagons_medieval.png-67e83c11c7e9246d134e1f7625349973.s3tc.ctex.
ERROR: Failed loading resource: res://assets/kaykit/medieval-hexagon/addons/kaykit_medieval_hexagon_pack/Assets/gltf/decoration/nature/hexagons_medieval.png.
ERROR: Unable to open file: res://.godot/imported/hexagons_medieval.png-a282e0690a246f744f5b4af15b8606ae.s3tc.ctex.
ERROR: Failed loading resource: res://.godot/imported/hexagons_medieval.png-a282e0690a246f744f5b4af15b8606ae.s3tc.ctex.
ERROR: Failed loading resource: res://assets/kaykit/medieval-hexagon/addons/kaykit_medieval_hexagon_pack/Assets/gltf/buildings/blue/hexagons_medieval.png.
ERROR: Unable to open file: res://.godot/imported/hexagons_medieval.png-8b555acbfe5f728d7552e929f79a77ab.s3tc.ctex.
ERROR: Failed loading resource: res://.godot/imported/hexagons_medieval.png-8b555acbfe5f728d7552e929f79a77ab.s3tc.ctex.
ERROR: Failed loading resource: res://assets/kaykit/medieval-hexagon/addons/kaykit_medieval_hexagon_pack/Assets/gltf/buildings/red/hexagons_medieval.png.
