Godot Engine v4.5.1.stable.mono.official.f62fdbde1 - https://godotengine.org
ERROR: Condition "err != OK" is true.
   at: initialize (drivers/gles3/shader_gles3.cpp:790)
ERROR: Condition "err != OK" is true.
   at: initialize (drivers/gles3/shader_gles3.cpp:790)
ERROR: Condition "err != OK" is true.
   at: initialize (drivers/gles3/shader_gles3.cpp:790)
ERROR: Condition "err != OK" is true.
   at: initialize (drivers/gles3/shader_gles3.cpp:790)
ERROR: Condition "err != OK" is true.
   at: initialize (drivers/gles3/shader_gles3.cpp:790)
ERROR: Condition "err != OK" is true.
   at: initialize (drivers/gles3/shader_gles3.cpp:790)
ERROR: Condition "err != OK" is true.
   at: initialize (drivers/gles3/shader_gles3.cpp:790)
ERROR: Condition "err != OK" is true.
   at: initialize (drivers/gles3/shader_gles3.cpp:790)
ERROR: Condition "err != OK" is true.
   at: initialize (drivers/gles3/shader_gles3.cpp:790)
ERROR: Condition "err != OK" is true.
   at: initialize (drivers/gles3/shader_gles3.cpp:790)
ERROR: Condition "err != OK" is true.
   at: initialize (drivers/gles3/shader_gles3.cpp:790)
ERROR: Condition "err != OK" is true.
   at: initialize (drivers/gles3/shader_gles3.cpp:790)
ERROR: Condition "err != OK" is true.
   at: initialize (drivers/gles3/shader_gles3.cpp:790)
OpenGL API 3.3.0 NVIDIA 591.74 - Compatibility - Using Device: NVIDIA - NVIDIA GeForce RTX 4080 SUPER

ERROR: Failed to read the root certificate store.
   at: get_system_ca_certificates (platform/windows/os_windows.cpp:2548)
[GameManager] State: MAIN_MENU -> MAIN_MENU
ERROR: Cannot open file 'res://.godot/imported/building_castle_blue.fbx-682f78715820d6de9a2cda1e1d530d44.scn'.
   at: load (core/io/resource_format_binary.cpp:1220)
   GDScript backtrace (most recent call first):
       [0] _load_model (res://scripts/entities/tower.gd:53)
       [1] _ready (res://scripts/entities/tower.gd:42)
ERROR: Failed loading resource: res://.godot/imported/building_castle_blue.fbx-682f78715820d6de9a2cda1e1d530d44.scn.
   at: _load (core/io/resource_loader.cpp:343)
   GDScript backtrace (most recent call first):
       [0] _load_model (res://scripts/entities/tower.gd:53)
       [1] _ready (res://scripts/entities/tower.gd:42)
ERROR: Failed loading resource: res://assets/kaykit/medieval-hexagon/buildings/blue/building_castle_blue.fbx.
   at: _load (core/io/resource_loader.cpp:343)
   GDScript backtrace (most recent call first):
       [0] _load_model (res://scripts/entities/tower.gd:53)
       [1] _ready (res://scripts/entities/tower.gd:42)
ERROR: Cannot open file 'res://.godot/imported/building_castle_red.fbx-455e9106e3cfc02c0078cef7a00d8b2c.scn'.
   at: load (core/io/resource_format_binary.cpp:1220)
   GDScript backtrace (most recent call first):
       [0] _load_model (res://scripts/entities/tower.gd:53)
       [1] _ready (res://scripts/entities/tower.gd:42)
ERROR: Failed loading resource: res://.godot/imported/building_castle_red.fbx-455e9106e3cfc02c0078cef7a00d8b2c.scn.
   at: _load (core/io/resource_loader.cpp:343)
   GDScript backtrace (most recent call first):
       [0] _load_model (res://scripts/entities/tower.gd:53)
       [1] _ready (res://scripts/entities/tower.gd:42)
ERROR: Failed loading resource: res://assets/kaykit/medieval-hexagon/buildings/red/building_castle_red.fbx.
   at: _load (core/io/resource_loader.cpp:343)
   GDScript backtrace (most recent call first):
       [0] _load_model (res://scripts/entities/tower.gd:53)
       [1] _ready (res://scripts/entities/tower.gd:42)
[GameManager] State: MAIN_MENU -> BATTLE_PLAYING
[MatchManager] Match started!
