Godot Engine v4.5.1.stable.mono.official.f62fdbde1 - https://godotengine.org
ERROR: Condition "err != OK" is true.
   at: initialize (drivers/gles3/shader_gles3.cpp:790)
ERROR: Condition "err != OK" is true.
   at: initialize (drivers/gles3/shader_gles3.cpp:790)
ERROR: Condition "err != OK" is true.
   at: initialize (drivers/gles3/shader_gles3.cpp:790)
ERROR: Condition "err != OK" is true.
   at: initialize (drivers/gles3/shader_gles3.cpp:790)
ERROR: Condition "err != OK" is true.
   at: initialize (drivers/gles3/shader_gles3.cpp:790)
ERROR: Condition "err != OK" is true.
   at: initialize (drivers/gles3/shader_gles3.cpp:790)
ERROR: Condition "err != OK" is true.
   at: initialize (drivers/gles3/shader_gles3.cpp:790)
ERROR: Condition "err != OK" is true.
   at: initialize (drivers/gles3/shader_gles3.cpp:790)
ERROR: Condition "err != OK" is true.
   at: initialize (drivers/gles3/shader_gles3.cpp:790)
ERROR: Condition "err != OK" is true.
   at: initialize (drivers/gles3/shader_gles3.cpp:790)
ERROR: Condition "err != OK" is true.
   at: initialize (drivers/gles3/shader_gles3.cpp:790)
ERROR: Condition "err != OK" is true.
   at: initialize (drivers/gles3/shader_gles3.cpp:790)
ERROR: Condition "err != OK" is true.
   at: initialize (drivers/gles3/shader_gles3.cpp:790)
OpenGL API 3.3.0 NVIDIA 591.74 - Compatibility - Using Device: NVIDIA - NVIDIA GeForce RTX 4080 SUPER

ERROR: Failed to read the root certificate store.
   at: get_system_ca_certificates (platform/windows/os_windows.cpp:2548)
[GameManager] State: MAIN_MENU -> MAIN_MENU
ERROR: Cannot open file 'res://.godot/imported/building_castle_blue.fbx-682f78715820d6de9a2cda1e1d530d44.scn'.
   at: load (core/io/resource_format_binary.cpp:1220)
   GDScript backtrace (most recent call first):
       [0] _load_model (res://scripts/entities/tower.gd:53)
       [1] _ready (res://scripts/entities/tower.gd:42)
ERROR: Failed loading resource: res://.godot/imported/building_castle_blue.fbx-682f78715820d6de9a2cda1e1d530d44.scn.
   at: _load (core/io/resource_loader.cpp:343)
   GDScript backtrace (most recent call first):
       [0] _load_model (res://scripts/entities/tower.gd:53)
       [1] _ready (res://scripts/entities/tower.gd:42)
ERROR: Failed loading resource: res://assets/kaykit/medieval-hexagon/buildings/blue/building_castle_blue.fbx.
   at: _load (core/io/resource_loader.cpp:343)
   GDScript backtrace (most recent call first):
       [0] _load_model (res://scripts/entities/tower.gd:53)
       [1] _ready (res://scripts/entities/tower.gd:42)
ERROR: Cannot open file 'res://.godot/imported/building_castle_red.fbx-455e9106e3cfc02c0078cef7a00d8b2c.scn'.
   at: load (core/io/resource_format_binary.cpp:1220)
   GDScript backtrace (most recent call first):
       [0] _load_model (res://scripts/entities/tower.gd:53)
       [1] _ready (res://scripts/entities/tower.gd:42)
ERROR: Failed loading resource: res://.godot/imported/building_castle_red.fbx-455e9106e3cfc02c0078cef7a00d8b2c.scn.
   at: _load (core/io/resource_loader.cpp:343)
   GDScript backtrace (most recent call first):
       [0] _load_model (res://scripts/entities/tower.gd:53)
       [1] _ready (res://scripts/entities/tower.gd:42)
ERROR: Failed loading resource: res://assets/kaykit/medieval-hexagon/buildings/red/building_castle_red.fbx.
   at: _load (core/io/resource_loader.cpp:343)
   GDScript backtrace (most recent call first):
       [0] _load_model (res://scripts/entities/tower.gd:53)
       [1] _ready (res://scripts/entities/tower.gd:42)
[GameManager] State: MAIN_MENU -> BATTLE_PLAYING
[MatchManager] Match started!
[AI] Playing Bone Barricade on lane 0 (Mana: 2.2)
ERROR: Cannot open file 'res://.godot/imported/Skeleton_Minion.glb-0547b2f020202fbe0af8ee828e6fe0a1.scn'.
   at: load (core/io/resource_format_binary.cpp:1220)
   GDScript backtrace (most recent call first):
       [0] _load_model (res://scripts/entities/minion.gd:89)
       [1] setup (res://scripts/entities/minion.gd:66)
       [2] spawn_enemy_minion (res://scripts/battle/match_manager.gd:209)
       [3] _resolve_enemy_card (res://scripts/battle/match_manager.gd:421)
       [4] _on_ai_play_card (res://scripts/battle/match_manager.gd:216)
       [5] _try_play_card (res://scripts/battle/ai_opponent.gd:69)
       [6] _process (res://scripts/battle/ai_opponent.gd:54)
ERROR: Failed loading resource: res://.godot/imported/Skeleton_Minion.glb-0547b2f020202fbe0af8ee828e6fe0a1.scn.
   at: _load (core/io/resource_loader.cpp:343)
   GDScript backtrace (most recent call first):
       [0] _load_model (res://scripts/entities/minion.gd:89)
       [1] setup (res://scripts/entities/minion.gd:66)
       [2] spawn_enemy_minion (res://scripts/battle/match_manager.gd:209)
       [3] _resolve_enemy_card (res://scripts/battle/match_manager.gd:421)
       [4] _on_ai_play_card (res://scripts/battle/match_manager.gd:216)
       [5] _try_play_card (res://scripts/battle/ai_opponent.gd:69)
       [6] _process (res://scripts/battle/ai_opponent.gd:54)
ERROR: Failed loading resource: res://assets/kaykit/skeletons/Skeleton_Minion.glb.
   at: _load (core/io/resource_loader.cpp:343)
   GDScript backtrace (most recent call first):
       [0] _load_model (res://scripts/entities/minion.gd:89)
       [1] setup (res://scripts/entities/minion.gd:66)
       [2] spawn_enemy_minion (res://scripts/battle/match_manager.gd:209)
       [3] _resolve_enemy_card (res://scripts/battle/match_manager.gd:421)
       [4] _on_ai_play_card (res://scripts/battle/match_manager.gd:216)
       [5] _try_play_card (res://scripts/battle/ai_opponent.gd:69)
       [6] _process (res://scripts/battle/ai_opponent.gd:54)
ERROR: [Minion] Failed to load model: res://assets/kaykit/skeletons/Skeleton_Minion.glb
   at: push_error (core/variant/variant_utility.cpp:1024)
   GDScript backtrace (most recent call first):
       [0] _load_model (res://scripts/entities/minion.gd:91)
       [1] setup (res://scripts/entities/minion.gd:66)
       [2] spawn_enemy_minion (res://scripts/battle/match_manager.gd:209)
       [3] _resolve_enemy_card (res://scripts/battle/match_manager.gd:421)
       [4] _on_ai_play_card (res://scripts/battle/match_manager.gd:216)
       [5] _try_play_card (res://scripts/battle/ai_opponent.gd:69)
       [6] _process (res://scripts/battle/ai_opponent.gd:54)
[MatchManager] Enemy spawned Skeleton Minion on lane 0
[AI] Playing Skeleton Minion on lane 0 (Mana: 1.5)
ERROR: Cannot open file 'res://.godot/imported/Skeleton_Minion.glb-0547b2f020202fbe0af8ee828e6fe0a1.scn'.
   at: load (core/io/resource_format_binary.cpp:1220)
   GDScript backtrace (most recent call first):
       [0] _load_model (res://scripts/entities/minion.gd:89)
       [1] setup (res://scripts/entities/minion.gd:66)
       [2] spawn_enemy_minion (res://scripts/battle/match_manager.gd:209)
       [3] _resolve_enemy_card (res://scripts/battle/match_manager.gd:421)
       [4] _on_ai_play_card (res://scripts/battle/match_manager.gd:216)
       [5] _try_play_card (res://scripts/battle/ai_opponent.gd:69)
       [6] _process (res://scripts/battle/ai_opponent.gd:54)
ERROR: Failed loading resource: res://.godot/imported/Skeleton_Minion.glb-0547b2f020202fbe0af8ee828e6fe0a1.scn.
   at: _load (core/io/resource_loader.cpp:343)
   GDScript backtrace (most recent call first):
       [0] _load_model (res://scripts/entities/minion.gd:89)
       [1] setup (res://scripts/entities/minion.gd:66)
       [2] spawn_enemy_minion (res://scripts/battle/match_manager.gd:209)
       [3] _resolve_enemy_card (res://scripts/battle/match_manager.gd:421)
       [4] _on_ai_play_card (res://scripts/battle/match_manager.gd:216)
       [5] _try_play_card (res://scripts/battle/ai_opponent.gd:69)
       [6] _process (res://scripts/battle/ai_opponent.gd:54)
ERROR: Failed loading resource: res://assets/kaykit/skeletons/Skeleton_Minion.glb.
   at: _load (core/io/resource_loader.cpp:343)
   GDScript backtrace (most recent call first):
       [0] _load_model (res://scripts/entities/minion.gd:89)
       [1] setup (res://scripts/entities/minion.gd:66)
       [2] spawn_enemy_minion (res://scripts/battle/match_manager.gd:209)
       [3] _resolve_enemy_card (res://scripts/battle/match_manager.gd:421)
       [4] _on_ai_play_card (res://scripts/battle/match_manager.gd:216)
       [5] _try_play_card (res://scripts/battle/ai_opponent.gd:69)
       [6] _process (res://scripts/battle/ai_opponent.gd:54)
ERROR: [Minion] Failed to load model: res://assets/kaykit/skeletons/Skeleton_Minion.glb
   at: push_error (core/variant/variant_utility.cpp:1024)
   GDScript backtrace (most recent call first):
       [0] _load_model (res://scripts/entities/minion.gd:91)
       [1] setup (res://scripts/entities/minion.gd:66)
       [2] spawn_enemy_minion (res://scripts/battle/match_manager.gd:209)
       [3] _resolve_enemy_card (res://scripts/battle/match_manager.gd:421)
       [4] _on_ai_play_card (res://scripts/battle/match_manager.gd:216)
       [5] _try_play_card (res://scripts/battle/ai_opponent.gd:69)
       [6] _process (res://scripts/battle/ai_opponent.gd:54)
[MatchManager] Enemy spawned Skeleton Minion on lane 1
[AI] Playing Skeleton Minion on lane 1 (Mana: 1.6)
[AI] Playing Skeleton Bolt on lane 0 (Mana: 1.2)
ERROR: Can't save PNG at path: 'user://bug_reports/bug_20260213_184450.png'.
   at: save_image (drivers/png/resource_saver_png.cpp:56)
   GDScript backtrace (most recent call first):
       [0] _save_screenshot (res://scripts/debug/bug_reporter.gd:482)
       [1] _activate (res://scripts/debug/bug_reporter.gd:165)
       [2] _toggle_reporter (res://scripts/debug/bug_reporter.gd:155)
ERROR: [BugReporter] Failed to save screenshot: user://bug_reports/bug_20260213_184450.png (error: 12)
   at: push_error (core/variant/variant_utility.cpp:1024)
   GDScript backtrace (most recent call first):
       [0] _save_screenshot (res://scripts/debug/bug_reporter.gd:484)
       [1] _activate (res://scripts/debug/bug_reporter.gd:165)
       [2] _toggle_reporter (res://scripts/debug/bug_reporter.gd:155)

[BugReporter] === BUG REPORT #1 ===
  --- Zone ---
    #01  Left Lane
    #02  Right Lane
    #03  River (Center)
    #04  Player Territory
    #05  Enemy Territory
  --- Entity ---
    #06  Player Tower (HP: 1795/2000)
    #07  Enemy Tower (HP: 2000/2000)
  --- UI ---
    #08  Player HP Label
    #09  Timer
    #10  Enemy HP Label
    #11  Mana Bar: 10/10
[BugReporter] Save directory: C:/Users/rs101/AppData/Roaming/Godot/app_userdata/KayKit Card Battle/bug_reports/

ERROR: Can't save PNG at path: 'user://bug_reports/bug_20260213_184456_annotated.png'.
   at: save_image (drivers/png/resource_saver_png.cpp:56)
   GDScript backtrace (most recent call first):
       [0] _save_screenshot (res://scripts/debug/bug_reporter.gd:482)
       [1] _on_save_full (res://scripts/debug/bug_reporter.gd:558)
ERROR: [BugReporter] Failed to save screenshot: user://bug_reports/bug_20260213_184456_annotated.png (error: 12)
   at: push_error (core/variant/variant_utility.cpp:1024)
   GDScript backtrace (most recent call first):
       [0] _save_screenshot (res://scripts/debug/bug_reporter.gd:484)
       [1] _on_save_full (res://scripts/debug/bug_reporter.gd:558)
ERROR: Can't save PNG at path: 'user://bug_reports/bug_20260213_184458_annotated.png'.
   at: save_image (drivers/png/resource_saver_png.cpp:56)
   GDScript backtrace (most recent call first):
       [0] _save_screenshot (res://scripts/debug/bug_reporter.gd:482)
       [1] _on_save_full (res://scripts/debug/bug_reporter.gd:558)
ERROR: [BugReporter] Failed to save screenshot: user://bug_reports/bug_20260213_184458_annotated.png (error: 12)
   at: push_error (core/variant/variant_utility.cpp:1024)
   GDScript backtrace (most recent call first):
       [0] _save_screenshot (res://scripts/debug/bug_reporter.gd:484)
       [1] _on_save_full (res://scripts/debug/bug_reporter.gd:558)
ERROR: Can't save PNG at path: 'user://bug_reports/bug_20260213_184458_annotated.png'.
   at: save_image (drivers/png/resource_saver_png.cpp:56)
   GDScript backtrace (most recent call first):
       [0] _save_screenshot (res://scripts/debug/bug_reporter.gd:482)
       [1] _on_save_full (res://scripts/debug/bug_reporter.gd:558)
ERROR: [BugReporter] Failed to save screenshot: user://bug_reports/bug_20260213_184458_annotated.png (error: 12)
   at: push_error (core/variant/variant_utility.cpp:1024)
   GDScript backtrace (most recent call first):
       [0] _save_screenshot (res://scripts/debug/bug_reporter.gd:484)
       [1] _on_save_full (res://scripts/debug/bug_reporter.gd:558)
ERROR: Can't save PNG at path: 'user://bug_reports/bug_20260213_184458_annotated.png'.
   at: save_image (drivers/png/resource_saver_png.cpp:56)
   GDScript backtrace (most recent call first):
       [0] _save_screenshot (res://scripts/debug/bug_reporter.gd:482)
       [1] _on_save_full (res://scripts/debug/bug_reporter.gd:558)
ERROR: [BugReporter] Failed to save screenshot: user://bug_reports/bug_20260213_184458_annotated.png (error: 12)
   at: push_error (core/variant/variant_utility.cpp:1024)
   GDScript backtrace (most recent call first):
       [0] _save_screenshot (res://scripts/debug/bug_reporter.gd:484)
       [1] _on_save_full (res://scripts/debug/bug_reporter.gd:558)
[BugReporter] Drag to select crop area...
[BugReporter] Crop area too small, cancelled
ERROR: Can't save PNG at path: 'user://bug_reports/bug_20260213_184502_annotated.png'.
   at: save_image (drivers/png/resource_saver_png.cpp:56)
   GDScript backtrace (most recent call first):
       [0] _save_screenshot (res://scripts/debug/bug_reporter.gd:482)
       [1] _on_save_full (res://scripts/debug/bug_reporter.gd:558)
ERROR: [BugReporter] Failed to save screenshot: user://bug_reports/bug_20260213_184502_annotated.png (error: 12)
   at: push_error (core/variant/variant_utility.cpp:1024)
   GDScript backtrace (most recent call first):
       [0] _save_screenshot (res://scripts/debug/bug_reporter.gd:484)
       [1] _on_save_full (res://scripts/debug/bug_reporter.gd:558)
ERROR: Cannot open file 'res://.godot/imported/Skeleton_Minion.glb-0547b2f020202fbe0af8ee828e6fe0a1.scn'.
   at: load (core/io/resource_format_binary.cpp:1220)
   GDScript backtrace (most recent call first):
       [0] _load_model (res://scripts/entities/minion.gd:89)
       [1] setup (res://scripts/entities/minion.gd:66)
       [2] spawn_enemy_minion (res://scripts/battle/match_manager.gd:209)
       [3] _resolve_enemy_card (res://scripts/battle/match_manager.gd:421)
       [4] _on_ai_play_card (res://scripts/battle/match_manager.gd:216)
       [5] _try_play_card (res://scripts/battle/ai_opponent.gd:69)
       [6] _process (res://scripts/battle/ai_opponent.gd:54)
ERROR: Failed loading resource: res://.godot/imported/Skeleton_Minion.glb-0547b2f020202fbe0af8ee828e6fe0a1.scn.
   at: _load (core/io/resource_loader.cpp:343)
   GDScript backtrace (most recent call first):
       [0] _load_model (res://scripts/entities/minion.gd:89)
       [1] setup (res://scripts/entities/minion.gd:66)
       [2] spawn_enemy_minion (res://scripts/battle/match_manager.gd:209)
       [3] _resolve_enemy_card (res://scripts/battle/match_manager.gd:421)
       [4] _on_ai_play_card (res://scripts/battle/match_manager.gd:216)
       [5] _try_play_card (res://scripts/battle/ai_opponent.gd:69)
       [6] _process (res://scripts/battle/ai_opponent.gd:54)
ERROR: Failed loading resource: res://assets/kaykit/skeletons/Skeleton_Minion.glb.
   at: _load (core/io/resource_loader.cpp:343)
   GDScript backtrace (most recent call first):
       [0] _load_model (res://scripts/entities/minion.gd:89)
       [1] setup (res://scripts/entities/minion.gd:66)
       [2] spawn_enemy_minion (res://scripts/battle/match_manager.gd:209)
       [3] _resolve_enemy_card (res://scripts/battle/match_manager.gd:421)
       [4] _on_ai_play_card (res://scripts/battle/match_manager.gd:216)
       [5] _try_play_card (res://scripts/battle/ai_opponent.gd:69)
       [6] _process (res://scripts/battle/ai_opponent.gd:54)
ERROR: [Minion] Failed to load model: res://assets/kaykit/skeletons/Skeleton_Minion.glb
   at: push_error (core/variant/variant_utility.cpp:1024)
   GDScript backtrace (most recent call first):
       [0] _load_model (res://scripts/entities/minion.gd:91)
       [1] setup (res://scripts/entities/minion.gd:66)
       [2] spawn_enemy_minion (res://scripts/battle/match_manager.gd:209)
       [3] _resolve_enemy_card (res://scripts/battle/match_manager.gd:421)
       [4] _on_ai_play_card (res://scripts/battle/match_manager.gd:216)
       [5] _try_play_card (res://scripts/battle/ai_opponent.gd:69)
       [6] _process (res://scripts/battle/ai_opponent.gd:54)
[MatchManager] Enemy spawned Skeleton Minion on lane 1
[AI] Playing Skeleton Minion on lane 1 (Mana: 1.6)
[AI] Playing Bone Barricade on lane 0 (Mana: 1.0)
[AI] Playing Bone Barricade on lane 0 (Mana: 1.9)
ERROR: Cannot open file 'res://.godot/imported/Skeleton_Warrior.glb-86af331ba9fee3cd1b3b2fcb051d0245.scn'.
   at: load (core/io/resource_format_binary.cpp:1220)
   GDScript backtrace (most recent call first):
       [0] _load_model (res://scripts/entities/minion.gd:89)
       [1] setup (res://scripts/entities/minion.gd:66)
       [2] spawn_enemy_minion (res://scripts/battle/match_manager.gd:209)
       [3] _resolve_enemy_card (res://scripts/battle/match_manager.gd:421)
       [4] _on_ai_play_card (res://scripts/battle/match_manager.gd:216)
       [5] _try_play_card (res://scripts/battle/ai_opponent.gd:69)
       [6] _process (res://scripts/battle/ai_opponent.gd:54)
ERROR: Failed loading resource: res://.godot/imported/Skeleton_Warrior.glb-86af331ba9fee3cd1b3b2fcb051d0245.scn.
   at: _load (core/io/resource_loader.cpp:343)
   GDScript backtrace (most recent call first):
       [0] _load_model (res://scripts/entities/minion.gd:89)
       [1] setup (res://scripts/entities/minion.gd:66)
       [2] spawn_enemy_minion (res://scripts/battle/match_manager.gd:209)
       [3] _resolve_enemy_card (res://scripts/battle/match_manager.gd:421)
       [4] _on_ai_play_card (res://scripts/battle/match_manager.gd:216)
       [5] _try_play_card (res://scripts/battle/ai_opponent.gd:69)
       [6] _process (res://scripts/battle/ai_opponent.gd:54)
ERROR: Failed loading resource: res://assets/kaykit/skeletons/Skeleton_Warrior.glb.
   at: _load (core/io/resource_loader.cpp:343)
   GDScript backtrace (most recent call first):
       [0] _load_model (res://scripts/entities/minion.gd:89)
       [1] setup (res://scripts/entities/minion.gd:66)
       [2] spawn_enemy_minion (res://scripts/battle/match_manager.gd:209)
       [3] _resolve_enemy_card (res://scripts/battle/match_manager.gd:421)
       [4] _on_ai_play_card (res://scripts/battle/match_manager.gd:216)
       [5] _try_play_card (res://scripts/battle/ai_opponent.gd:69)
       [6] _process (res://scripts/battle/ai_opponent.gd:54)
ERROR: [Minion] Failed to load model: res://assets/kaykit/skeletons/Skeleton_Warrior.glb
   at: push_error (core/variant/variant_utility.cpp:1024)
   GDScript backtrace (most recent call first):
       [0] _load_model (res://scripts/entities/minion.gd:91)
       [1] setup (res://scripts/entities/minion.gd:66)
       [2] spawn_enemy_minion (res://scripts/battle/match_manager.gd:209)
       [3] _resolve_enemy_card (res://scripts/battle/match_manager.gd:421)
       [4] _on_ai_play_card (res://scripts/battle/match_manager.gd:216)
       [5] _try_play_card (res://scripts/battle/ai_opponent.gd:69)
       [6] _process (res://scripts/battle/ai_opponent.gd:54)
[MatchManager] Enemy spawned Skeleton Warrior on lane 1
[AI] Playing Skeleton Warrior on lane 1 (Mana: 3.3)
[AI] Playing Skeleton Bolt on lane 0 (Mana: 2.0)
ERROR: Cannot open file 'res://.godot/imported/Skeleton_Warrior.glb-86af331ba9fee3cd1b3b2fcb051d0245.scn'.
   at: load (core/io/resource_format_binary.cpp:1220)
   GDScript backtrace (most recent call first):
       [0] _load_model (res://scripts/entities/minion.gd:89)
       [1] setup (res://scripts/entities/minion.gd:66)
       [2] spawn_enemy_minion (res://scripts/battle/match_manager.gd:209)
       [3] _resolve_enemy_card (res://scripts/battle/match_manager.gd:421)
       [4] _on_ai_play_card (res://scripts/battle/match_manager.gd:216)
       [5] _try_play_card (res://scripts/battle/ai_opponent.gd:69)
       [6] _process (res://scripts/battle/ai_opponent.gd:54)
ERROR: Failed loading resource: res://.godot/imported/Skeleton_Warrior.glb-86af331ba9fee3cd1b3b2fcb051d0245.scn.
   at: _load (core/io/resource_loader.cpp:343)
   GDScript backtrace (most recent call first):
       [0] _load_model (res://scripts/entities/minion.gd:89)
       [1] setup (res://scripts/entities/minion.gd:66)
       [2] spawn_enemy_minion (res://scripts/battle/match_manager.gd:209)
       [3] _resolve_enemy_card (res://scripts/battle/match_manager.gd:421)
       [4] _on_ai_play_card (res://scripts/battle/match_manager.gd:216)
       [5] _try_play_card (res://scripts/battle/ai_opponent.gd:69)
       [6] _process (res://scripts/battle/ai_opponent.gd:54)
ERROR: Failed loading resource: res://assets/kaykit/skeletons/Skeleton_Warrior.glb.
   at: _load (core/io/resource_loader.cpp:343)
   GDScript backtrace (most recent call first):
       [0] _load_model (res://scripts/entities/minion.gd:89)
       [1] setup (res://scripts/entities/minion.gd:66)
       [2] spawn_enemy_minion (res://scripts/battle/match_manager.gd:209)
       [3] _resolve_enemy_card (res://scripts/battle/match_manager.gd:421)
       [4] _on_ai_play_card (res://scripts/battle/match_manager.gd:216)
       [5] _try_play_card (res://scripts/battle/ai_opponent.gd:69)
       [6] _process (res://scripts/battle/ai_opponent.gd:54)
ERROR: [Minion] Failed to load model: res://assets/kaykit/skeletons/Skeleton_Warrior.glb
   at: push_error (core/variant/variant_utility.cpp:1024)
   GDScript backtrace (most recent call first):
       [0] _load_model (res://scripts/entities/minion.gd:91)
       [1] setup (res://scripts/entities/minion.gd:66)
       [2] spawn_enemy_minion (res://scripts/battle/match_manager.gd:209)
       [3] _resolve_enemy_card (res://scripts/battle/match_manager.gd:421)
       [4] _on_ai_play_card (res://scripts/battle/match_manager.gd:216)
       [5] _try_play_card (res://scripts/battle/ai_opponent.gd:69)
       [6] _process (res://scripts/battle/ai_opponent.gd:54)
[MatchManager] Enemy spawned Skeleton Warrior on lane 1
[AI] Playing Skeleton Warrior on lane 1 (Mana: 0.3)
ERROR: Cannot open file 'res://.godot/imported/Skeleton_Minion.glb-0547b2f020202fbe0af8ee828e6fe0a1.scn'.
   at: load (core/io/resource_format_binary.cpp:1220)
   GDScript backtrace (most recent call first):
       [0] _load_model (res://scripts/entities/minion.gd:89)
       [1] setup (res://scripts/entities/minion.gd:66)
       [2] spawn_enemy_minion (res://scripts/battle/match_manager.gd:209)
       [3] _resolve_enemy_card (res://scripts/battle/match_manager.gd:421)
       [4] _on_ai_play_card (res://scripts/battle/match_manager.gd:216)
       [5] _try_play_card (res://scripts/battle/ai_opponent.gd:69)
       [6] _process (res://scripts/battle/ai_opponent.gd:54)
ERROR: Failed loading resource: res://.godot/imported/Skeleton_Minion.glb-0547b2f020202fbe0af8ee828e6fe0a1.scn.
   at: _load (core/io/resource_loader.cpp:343)
   GDScript backtrace (most recent call first):
       [0] _load_model (res://scripts/entities/minion.gd:89)
       [1] setup (res://scripts/entities/minion.gd:66)
       [2] spawn_enemy_minion (res://scripts/battle/match_manager.gd:209)
       [3] _resolve_enemy_card (res://scripts/battle/match_manager.gd:421)
       [4] _on_ai_play_card (res://scripts/battle/match_manager.gd:216)
       [5] _try_play_card (res://scripts/battle/ai_opponent.gd:69)
       [6] _process (res://scripts/battle/ai_opponent.gd:54)
ERROR: Failed loading resource: res://assets/kaykit/skeletons/Skeleton_Minion.glb.
   at: _load (core/io/resource_loader.cpp:343)
   GDScript backtrace (most recent call first):
       [0] _load_model (res://scripts/entities/minion.gd:89)
       [1] setup (res://scripts/entities/minion.gd:66)
       [2] spawn_enemy_minion (res://scripts/battle/match_manager.gd:209)
       [3] _resolve_enemy_card (res://scripts/battle/match_manager.gd:421)
       [4] _on_ai_play_card (res://scripts/battle/match_manager.gd:216)
       [5] _try_play_card (res://scripts/battle/ai_opponent.gd:69)
       [6] _process (res://scripts/battle/ai_opponent.gd:54)
ERROR: [Minion] Failed to load model: res://assets/kaykit/skeletons/Skeleton_Minion.glb
   at: push_error (core/variant/variant_utility.cpp:1024)
   GDScript backtrace (most recent call first):
       [0] _load_model (res://scripts/entities/minion.gd:91)
       [1] setup (res://scripts/entities/minion.gd:66)
       [2] spawn_enemy_minion (res://scripts/battle/match_manager.gd:209)
       [3] _resolve_enemy_card (res://scripts/battle/match_manager.gd:421)
       [4] _on_ai_play_card (res://scripts/battle/match_manager.gd:216)
       [5] _try_play_card (res://scripts/battle/ai_opponent.gd:69)
       [6] _process (res://scripts/battle/ai_opponent.gd:54)
[MatchManager] Enemy spawned Skeleton Minion on lane 0
[AI] Playing Skeleton Minion on lane 0 (Mana: 1.8)
[AI] Playing Skeleton Bolt on lane 1 (Mana: 2.1)
