Godot Engine v4.5.1.stable.mono.official.f62fdbde1 - https://godotengine.org
ERROR: Condition "err != OK" is true.
   at: initialize (drivers/gles3/shader_gles3.cpp:790)
ERROR: Condition "err != OK" is true.
   at: initialize (drivers/gles3/shader_gles3.cpp:790)
ERROR: Condition "err != OK" is true.
   at: initialize (drivers/gles3/shader_gles3.cpp:790)
ERROR: Condition "err != OK" is true.
   at: initialize (drivers/gles3/shader_gles3.cpp:790)
ERROR: Condition "err != OK" is true.
   at: initialize (drivers/gles3/shader_gles3.cpp:790)
ERROR: Condition "err != OK" is true.
   at: initialize (drivers/gles3/shader_gles3.cpp:790)
ERROR: Condition "err != OK" is true.
   at: initialize (drivers/gles3/shader_gles3.cpp:790)
ERROR: Condition "err != OK" is true.
   at: initialize (drivers/gles3/shader_gles3.cpp:790)
ERROR: Condition "err != OK" is true.
   at: initialize (drivers/gles3/shader_gles3.cpp:790)
ERROR: Condition "err != OK" is true.
   at: initialize (drivers/gles3/shader_gles3.cpp:790)
ERROR: Condition "err != OK" is true.
   at: initialize (drivers/gles3/shader_gles3.cpp:790)
ERROR: Condition "err != OK" is true.
   at: initialize (drivers/gles3/shader_gles3.cpp:790)
ERROR: Condition "err != OK" is true.
   at: initialize (drivers/gles3/shader_gles3.cpp:790)
OpenGL API 3.3.0 NVIDIA 591.74 - Compatibility - Using Device: NVIDIA - NVIDIA GeForce RTX 4080 SUPER

ERROR: Failed to read the root certificate store.
   at: get_system_ca_certificates (platform/windows/os_windows.cpp:2548)
[GameManager] State: MAIN_MENU -> MAIN_MENU
ERROR: Cannot open file 'res://.godot/imported/building_castle_blue.fbx-682f78715820d6de9a2cda1e1d530d44.scn'.
   at: load (core/io/resource_format_binary.cpp:1220)
   GDScript backtrace (most recent call first):
       [0] _load_model (res://scripts/entities/tower.gd:59)
       [1] _ready (res://scripts/entities/tower.gd:43)
ERROR: Failed loading resource: res://.godot/imported/building_castle_blue.fbx-682f78715820d6de9a2cda1e1d530d44.scn.
   at: _load (core/io/resource_loader.cpp:343)
   GDScript backtrace (most recent call first):
       [0] _load_model (res://scripts/entities/tower.gd:59)
       [1] _ready (res://scripts/entities/tower.gd:43)
ERROR: Failed loading resource: res://assets/kaykit/medieval-hexagon/buildings/blue/building_castle_blue.fbx.
   at: _load (core/io/resource_loader.cpp:343)
   GDScript backtrace (most recent call first):
       [0] _load_model (res://scripts/entities/tower.gd:59)
       [1] _ready (res://scripts/entities/tower.gd:43)
ERROR: Cannot open file 'res://.godot/imported/building_castle_red.fbx-455e9106e3cfc02c0078cef7a00d8b2c.scn'.
   at: load (core/io/resource_format_binary.cpp:1220)
   GDScript backtrace (most recent call first):
       [0] _load_model (res://scripts/entities/tower.gd:59)
       [1] _ready (res://scripts/entities/tower.gd:43)
ERROR: Failed loading resource: res://.godot/imported/building_castle_red.fbx-455e9106e3cfc02c0078cef7a00d8b2c.scn.
   at: _load (core/io/resource_loader.cpp:343)
   GDScript backtrace (most recent call first):
       [0] _load_model (res://scripts/entities/tower.gd:59)
       [1] _ready (res://scripts/entities/tower.gd:43)
ERROR: Failed loading resource: res://assets/kaykit/medieval-hexagon/buildings/red/building_castle_red.fbx.
   at: _load (core/io/resource_loader.cpp:343)
   GDScript backtrace (most recent call first):
       [0] _load_model (res://scripts/entities/tower.gd:59)
       [1] _ready (res://scripts/entities/tower.gd:43)
[GameManager] State: MAIN_MENU -> BATTLE_PLAYING
[MatchManager] Match started!
ERROR: Can't save PNG at path: 'C:/Users/rs101/AppData/Roaming/Godot/app_userdata/KayKit Card Battle/bug_reports/bug_20260213_185122.png'.
   at: save_image (drivers/png/resource_saver_png.cpp:56)
   GDScript backtrace (most recent call first):
       [0] _save_screenshot (res://scripts/debug/bug_reporter.gd:498)
       [1] _activate (res://scripts/debug/bug_reporter.gd:165)
       [2] _toggle_reporter (res://scripts/debug/bug_reporter.gd:155)
ERROR: [BugReporter] Failed to save screenshot: C:/Users/rs101/AppData/Roaming/Godot/app_userdata/KayKit Card Battle/bug_reports/bug_20260213_185122.png (error: 12)
   at: push_error (core/variant/variant_utility.cpp:1024)
   GDScript backtrace (most recent call first):
       [0] _save_screenshot (res://scripts/debug/bug_reporter.gd:500)
       [1] _activate (res://scripts/debug/bug_reporter.gd:165)
       [2] _toggle_reporter (res://scripts/debug/bug_reporter.gd:155)

[BugReporter] === BUG REPORT #1 ===
  --- Zone ---
    #01  Left Lane
    #02  Right Lane
    #03  River (Center)
    #04  Player Territory
    #05  Enemy Territory
  --- Entity ---
    #06  Player Tower (HP: 2000/2000)
    #07  Enemy Tower (HP: 2000/2000)
  --- UI ---
    #08  Player HP Label
    #09  Timer
    #10  Enemy HP Label
    #11  Mana Bar: 6/10
[BugReporter] Save directory: C:/Users/rs101/AppData/Roaming/Godot/app_userdata/KayKit Card Battle/bug_reports

