Godot Engine v4.5.1.stable.mono.official.f62fdbde1 - https://godotengine.org

ERROR: Failed to read the root certificate store.
   at: get_system_ca_certificates (platform/windows/os_windows.cpp:2548)
[BugReporter] Save dir selected: C:/github/godot-game/godot-001-card-battle/docs/qa/bug_reports
ERROR: Cannot open file 'res://.godot/imported/building_castle_blue.fbx-682f78715820d6de9a2cda1e1d530d44.scn'.
   at: load (core/io/resource_format_binary.cpp:1220)
   GDScript backtrace (most recent call first):
       [0] _load_model_scene (res://scripts/entities/tower.gd:69)
       [1] _load_model (res://scripts/entities/tower.gd:59)
       [2] _ready (res://scripts/entities/tower.gd:43)
ERROR: Failed loading resource: res://.godot/imported/building_castle_blue.fbx-682f78715820d6de9a2cda1e1d530d44.scn.
   at: _load (core/io/resource_loader.cpp:343)
   GDScript backtrace (most recent call first):
       [0] _load_model_scene (res://scripts/entities/tower.gd:69)
       [1] _load_model (res://scripts/entities/tower.gd:59)
       [2] _ready (res://scripts/entities/tower.gd:43)
ERROR: Failed loading resource: res://assets/kaykit/medieval-hexagon/buildings/blue/building_castle_blue.fbx.
   at: _load (core/io/resource_loader.cpp:343)
   GDScript backtrace (most recent call first):
       [0] _load_model_scene (res://scripts/entities/tower.gd:69)
       [1] _load_model (res://scripts/entities/tower.gd:59)
       [2] _ready (res://scripts/entities/tower.gd:43)
ERROR: Cannot open file 'res://.godot/imported/building_castle_red.fbx-455e9106e3cfc02c0078cef7a00d8b2c.scn'.
   at: load (core/io/resource_format_binary.cpp:1220)
   GDScript backtrace (most recent call first):
       [0] _load_model_scene (res://scripts/entities/tower.gd:69)
       [1] _load_model (res://scripts/entities/tower.gd:59)
       [2] _ready (res://scripts/entities/tower.gd:43)
ERROR: Failed loading resource: res://.godot/imported/building_castle_red.fbx-455e9106e3cfc02c0078cef7a00d8b2c.scn.
   at: _load (core/io/resource_loader.cpp:343)
   GDScript backtrace (most recent call first):
       [0] _load_model_scene (res://scripts/entities/tower.gd:69)
       [1] _load_model (res://scripts/entities/tower.gd:59)
       [2] _ready (res://scripts/entities/tower.gd:43)
ERROR: Failed loading resource: res://assets/kaykit/medieval-hexagon/buildings/red/building_castle_red.fbx.
   at: _load (core/io/resource_loader.cpp:343)
   GDScript backtrace (most recent call first):
       [0] _load_model_scene (res://scripts/entities/tower.gd:69)
       [1] _load_model (res://scripts/entities/tower.gd:59)
       [2] _ready (res://scripts/entities/tower.gd:43)
[GameManager] State: MAIN_MENU -> BATTLE_PLAYING
[MatchManager] Match started!
[AI] Playing Skeleton Bolt on lane 1 (Mana: 1.1)
